[2023-06-29 09:01:25,714] {taskinstance.py:1032} INFO - Dependencies all met for <TaskInstance: apartment_transaction_etl_dag.run_tables_exists_task scheduled__2023-04-01T00:00:00+00:00 [queued]>
[2023-06-29 09:01:25,800] {taskinstance.py:1032} INFO - Dependencies all met for <TaskInstance: apartment_transaction_etl_dag.run_tables_exists_task scheduled__2023-04-01T00:00:00+00:00 [queued]>
[2023-06-29 09:01:25,800] {taskinstance.py:1238} INFO - 
--------------------------------------------------------------------------------
[2023-06-29 09:01:25,800] {taskinstance.py:1239} INFO - Starting attempt 1 of 1
[2023-06-29 09:01:25,801] {taskinstance.py:1240} INFO - 
--------------------------------------------------------------------------------
[2023-06-29 09:01:25,868] {taskinstance.py:1259} INFO - Executing <Task(PythonOperator): run_tables_exists_task> on 2023-04-01 00:00:00+00:00
[2023-06-29 09:01:25,883] {standard_task_runner.py:52} INFO - Started process 91 to run task
[2023-06-29 09:01:25,920] {standard_task_runner.py:76} INFO - Running: ['***', 'tasks', 'run', 'apartment_transaction_etl_dag', 'run_tables_exists_task', 'scheduled__2023-04-01T00:00:00+00:00', '--job-id', '69', '--raw', '--subdir', 'DAGS_FOLDER/apartment_transaction_dag.py', '--cfg-path', '/tmp/tmpvf2brhl9', '--error-file', '/tmp/tmphriwrspx']
[2023-06-29 09:01:25,921] {standard_task_runner.py:77} INFO - Job 69: Subtask run_tables_exists_task
[2023-06-29 09:01:26,222] {logging_mixin.py:109} INFO - Running <TaskInstance: apartment_transaction_etl_dag.run_tables_exists_task scheduled__2023-04-01T00:00:00+00:00 [running]> on host d3599d0cd7b8
[2023-06-29 09:01:26,467] {taskinstance.py:1426} INFO - Exporting the following env vars:
AIRFLOW_CTX_DAG_OWNER=***
AIRFLOW_CTX_DAG_ID=apartment_transaction_etl_dag
AIRFLOW_CTX_TASK_ID=run_tables_exists_task
AIRFLOW_CTX_EXECUTION_DATE=2023-04-01T00:00:00+00:00
AIRFLOW_CTX_DAG_RUN_ID=scheduled__2023-04-01T00:00:00+00:00
[2023-06-29 09:01:26,468] {logging_mixin.py:109} INFO - >>> Running 'tables_exists' function. Logged at 2023-06-29 09:01:26.468255+00:00
[2023-06-29 09:01:26,468] {logging_mixin.py:109} INFO - >>> Running 'connect_db' function. Logged at 2023-06-29 09:01:26.468448+00:00
[2023-06-29 09:01:26,468] {logging_mixin.py:109} INFO - Connecting to DB
[2023-06-29 09:01:26,647] {logging_mixin.py:109} INFO - >>> Function: 'connect_db' executed. Logged at 2023-06-29 09:01:26.468448+00:00
[2023-06-29 09:01:26,647] {logging_mixin.py:109} INFO - Checking if tables exists
[2023-06-29 09:01:26,647] {logging_mixin.py:109} INFO - >>> Running 'check_table_exists' function. Logged at 2023-06-29 09:01:26.647496+00:00
[2023-06-29 09:01:26,668] {logging_mixin.py:109} INFO - raw_wine_quality_dataset does not exist in the DB!
[2023-06-29 09:01:26,669] {logging_mixin.py:109} INFO - >>> Function: 'check_table_exists' executed. Logged at 2023-06-29 09:01:26.647496+00:00
[2023-06-29 09:01:26,669] {logging_mixin.py:109} INFO - >>> Running 'check_table_exists' function. Logged at 2023-06-29 09:01:26.669123+00:00
[2023-06-29 09:01:26,671] {logging_mixin.py:109} INFO - clean_wine_quality_dataset does not exist in the DB!
[2023-06-29 09:01:26,671] {logging_mixin.py:109} INFO - >>> Function: 'check_table_exists' executed. Logged at 2023-06-29 09:01:26.669123+00:00
[2023-06-29 09:01:26,672] {logging_mixin.py:109} INFO - >>> Function: 'tables_exists' executed. Logged at 2023-06-29 09:01:26.468255+00:00
[2023-06-29 09:01:26,672] {python.py:175} INFO - Done. Returned value was: None
[2023-06-29 09:01:26,710] {taskinstance.py:1277} INFO - Marking task as SUCCESS. dag_id=apartment_transaction_etl_dag, task_id=run_tables_exists_task, execution_date=20230401T000000, start_date=20230629T090125, end_date=20230629T090126
[2023-06-29 09:01:26,809] {local_task_job.py:154} INFO - Task exited with return code 0
[2023-06-29 09:01:26,908] {local_task_job.py:264} INFO - 0 downstream tasks scheduled from follow-on schedule check
