[2023-06-29 08:45:31,345] {taskinstance.py:1032} INFO - Dependencies all met for <TaskInstance: apartment_transaction_etl_dag.run_tables_exists_task manual__2023-06-29T08:45:24.001304+00:00 [queued]>
[2023-06-29 08:45:31,354] {taskinstance.py:1032} INFO - Dependencies all met for <TaskInstance: apartment_transaction_etl_dag.run_tables_exists_task manual__2023-06-29T08:45:24.001304+00:00 [queued]>
[2023-06-29 08:45:31,354] {taskinstance.py:1238} INFO - 
--------------------------------------------------------------------------------
[2023-06-29 08:45:31,354] {taskinstance.py:1239} INFO - Starting attempt 1 of 1
[2023-06-29 08:45:31,354] {taskinstance.py:1240} INFO - 
--------------------------------------------------------------------------------
[2023-06-29 08:45:31,371] {taskinstance.py:1259} INFO - Executing <Task(PythonOperator): run_tables_exists_task> on 2023-06-29 08:45:24.001304+00:00
[2023-06-29 08:45:31,377] {standard_task_runner.py:52} INFO - Started process 1003 to run task
[2023-06-29 08:45:31,385] {standard_task_runner.py:76} INFO - Running: ['***', 'tasks', 'run', 'apartment_transaction_etl_dag', 'run_tables_exists_task', 'manual__2023-06-29T08:45:24.001304+00:00', '--job-id', '31', '--raw', '--subdir', 'DAGS_FOLDER/apartment_transaction_dag.py', '--cfg-path', '/tmp/tmpjg7przl2', '--error-file', '/tmp/tmpn5d7l_6r']
[2023-06-29 08:45:31,386] {standard_task_runner.py:77} INFO - Job 31: Subtask run_tables_exists_task
[2023-06-29 08:45:31,461] {logging_mixin.py:109} INFO - Running <TaskInstance: apartment_transaction_etl_dag.run_tables_exists_task manual__2023-06-29T08:45:24.001304+00:00 [running]> on host d3599d0cd7b8
[2023-06-29 08:45:31,540] {taskinstance.py:1426} INFO - Exporting the following env vars:
AIRFLOW_CTX_DAG_OWNER=***
AIRFLOW_CTX_DAG_ID=apartment_transaction_etl_dag
AIRFLOW_CTX_TASK_ID=run_tables_exists_task
AIRFLOW_CTX_EXECUTION_DATE=2023-06-29T08:45:24.001304+00:00
AIRFLOW_CTX_DAG_RUN_ID=manual__2023-06-29T08:45:24.001304+00:00
[2023-06-29 08:45:31,541] {logging_mixin.py:109} INFO - >>> Running 'tables_exists' function. Logged at 2023-06-29 08:45:31.541253+00:00
[2023-06-29 08:45:31,541] {logging_mixin.py:109} INFO - >>> Running 'connect_db' function. Logged at 2023-06-29 08:45:31.541397+00:00
[2023-06-29 08:45:31,541] {logging_mixin.py:109} INFO - Connecting to DB
[2023-06-29 08:45:31,548] {logging_mixin.py:109} INFO - >>> Function: 'connect_db' executed. Logged at 2023-06-29 08:45:31.541397+00:00
[2023-06-29 08:45:31,548] {logging_mixin.py:109} INFO - Checking if tables exists
[2023-06-29 08:45:31,548] {logging_mixin.py:109} INFO - >>> Running 'check_table_exists' function. Logged at 2023-06-29 08:45:31.548480+00:00
[2023-06-29 08:45:31,557] {logging_mixin.py:109} INFO - 'raw_wine_quality_dataset' exists in the DB!
[2023-06-29 08:45:31,557] {logging_mixin.py:109} INFO - >>> Function: 'check_table_exists' executed. Logged at 2023-06-29 08:45:31.548480+00:00
[2023-06-29 08:45:31,557] {logging_mixin.py:109} INFO - >>> Running 'check_table_exists' function. Logged at 2023-06-29 08:45:31.557601+00:00
[2023-06-29 08:45:31,558] {logging_mixin.py:109} INFO - 'clean_wine_quality_dataset' exists in the DB!
[2023-06-29 08:45:31,558] {logging_mixin.py:109} INFO - >>> Function: 'check_table_exists' executed. Logged at 2023-06-29 08:45:31.557601+00:00
[2023-06-29 08:45:31,561] {logging_mixin.py:109} INFO - >>> Function: 'tables_exists' executed. Logged at 2023-06-29 08:45:31.541253+00:00
[2023-06-29 08:45:31,561] {python.py:175} INFO - Done. Returned value was: None
[2023-06-29 08:45:31,571] {taskinstance.py:1277} INFO - Marking task as SUCCESS. dag_id=apartment_transaction_etl_dag, task_id=run_tables_exists_task, execution_date=20230629T084524, start_date=20230629T084531, end_date=20230629T084531
[2023-06-29 08:45:31,601] {local_task_job.py:154} INFO - Task exited with return code 0
[2023-06-29 08:45:31,637] {local_task_job.py:264} INFO - 0 downstream tasks scheduled from follow-on schedule check
