[2023-06-29 06:42:06,677] {taskinstance.py:1032} INFO - Dependencies all met for <TaskInstance: apartment_transaction_etl_dag.run_tables_exists_task manual__2023-06-29T06:41:52.181647+00:00 [queued]>
[2023-06-29 06:42:06,737] {taskinstance.py:1032} INFO - Dependencies all met for <TaskInstance: apartment_transaction_etl_dag.run_tables_exists_task manual__2023-06-29T06:41:52.181647+00:00 [queued]>
[2023-06-29 06:42:06,737] {taskinstance.py:1238} INFO - 
--------------------------------------------------------------------------------
[2023-06-29 06:42:06,738] {taskinstance.py:1239} INFO - Starting attempt 1 of 1
[2023-06-29 06:42:06,738] {taskinstance.py:1240} INFO - 
--------------------------------------------------------------------------------
[2023-06-29 06:42:06,827] {taskinstance.py:1259} INFO - Executing <Task(PythonOperator): run_tables_exists_task> on 2023-06-29 06:41:52.181647+00:00
[2023-06-29 06:42:06,833] {standard_task_runner.py:52} INFO - Started process 134 to run task
[2023-06-29 06:42:06,857] {standard_task_runner.py:76} INFO - Running: ['***', 'tasks', 'run', 'apartment_transaction_etl_dag', 'run_tables_exists_task', 'manual__2023-06-29T06:41:52.181647+00:00', '--job-id', '6', '--raw', '--subdir', 'DAGS_FOLDER/apartment_transaction_dag.py', '--cfg-path', '/tmp/tmp3f6ex4tv', '--error-file', '/tmp/tmptpsm525i']
[2023-06-29 06:42:06,858] {standard_task_runner.py:77} INFO - Job 6: Subtask run_tables_exists_task
[2023-06-29 06:42:07,077] {logging_mixin.py:109} INFO - Running <TaskInstance: apartment_transaction_etl_dag.run_tables_exists_task manual__2023-06-29T06:41:52.181647+00:00 [running]> on host 3058f45ce915
[2023-06-29 06:42:07,279] {taskinstance.py:1426} INFO - Exporting the following env vars:
AIRFLOW_CTX_DAG_OWNER=Airflow
AIRFLOW_CTX_DAG_ID=apartment_transaction_etl_dag
AIRFLOW_CTX_TASK_ID=run_tables_exists_task
AIRFLOW_CTX_EXECUTION_DATE=2023-06-29T06:41:52.181647+00:00
AIRFLOW_CTX_DAG_RUN_ID=manual__2023-06-29T06:41:52.181647+00:00
[2023-06-29 06:42:07,280] {logging_mixin.py:109} INFO - >>> Running 'tables_exists' function. Logged at 2023-06-29 06:42:07.280447+00:00
[2023-06-29 06:42:07,280] {logging_mixin.py:109} INFO - >>> Running 'connect_db' function. Logged at 2023-06-29 06:42:07.280687+00:00
[2023-06-29 06:42:07,280] {logging_mixin.py:109} INFO - Connecting to DB
[2023-06-29 06:42:07,324] {logging_mixin.py:109} INFO - >>> Function: 'connect_db' executed. Logged at 2023-06-29 06:42:07.280687+00:00
[2023-06-29 06:42:07,325] {logging_mixin.py:109} INFO - Checking if tables exists
[2023-06-29 06:42:07,325] {logging_mixin.py:109} INFO - >>> Running 'check_table_exists' function. Logged at 2023-06-29 06:42:07.325887+00:00
[2023-06-29 06:42:07,343] {logging_mixin.py:109} INFO - 'raw_wine_quality_dataset' exists in the DB!
[2023-06-29 06:42:07,343] {logging_mixin.py:109} INFO - >>> Function: 'check_table_exists' executed. Logged at 2023-06-29 06:42:07.325887+00:00
[2023-06-29 06:42:07,344] {logging_mixin.py:109} INFO - >>> Running 'check_table_exists' function. Logged at 2023-06-29 06:42:07.344197+00:00
[2023-06-29 06:42:07,350] {logging_mixin.py:109} INFO - 'clean_wine_quality_dataset' exists in the DB!
[2023-06-29 06:42:07,352] {logging_mixin.py:109} INFO - >>> Function: 'check_table_exists' executed. Logged at 2023-06-29 06:42:07.344197+00:00
[2023-06-29 06:42:07,357] {logging_mixin.py:109} INFO - >>> Function: 'tables_exists' executed. Logged at 2023-06-29 06:42:07.280447+00:00
[2023-06-29 06:42:07,357] {python.py:175} INFO - Done. Returned value was: None
[2023-06-29 06:42:07,373] {taskinstance.py:1277} INFO - Marking task as SUCCESS. dag_id=apartment_transaction_etl_dag, task_id=run_tables_exists_task, execution_date=20230629T064152, start_date=20230629T064206, end_date=20230629T064207
[2023-06-29 06:42:07,399] {local_task_job.py:154} INFO - Task exited with return code 0
[2023-06-29 06:42:07,466] {local_task_job.py:264} INFO - 0 downstream tasks scheduled from follow-on schedule check
