[2023-06-29 05:44:54,587] {taskinstance.py:1032} INFO - Dependencies all met for <TaskInstance: apartment_transaction.extract manual__2023-06-29T05:44:51.460053+00:00 [queued]>
[2023-06-29 05:44:54,619] {taskinstance.py:1032} INFO - Dependencies all met for <TaskInstance: apartment_transaction.extract manual__2023-06-29T05:44:51.460053+00:00 [queued]>
[2023-06-29 05:44:54,619] {taskinstance.py:1238} INFO - 
--------------------------------------------------------------------------------
[2023-06-29 05:44:54,619] {taskinstance.py:1239} INFO - Starting attempt 1 of 1
[2023-06-29 05:44:54,619] {taskinstance.py:1240} INFO - 
--------------------------------------------------------------------------------
[2023-06-29 05:44:54,661] {taskinstance.py:1259} INFO - Executing <Task(_PythonDecoratedOperator): extract> on 2023-06-29 05:44:51.460053+00:00
[2023-06-29 05:44:54,672] {standard_task_runner.py:52} INFO - Started process 5552 to run task
[2023-06-29 05:44:54,683] {standard_task_runner.py:76} INFO - Running: ['***', 'tasks', 'run', 'apartment_transaction', 'extract', 'manual__2023-06-29T05:44:51.460053+00:00', '--job-id', '3', '--raw', '--subdir', 'DAGS_FOLDER/apartment_transaction_dag.py', '--cfg-path', '/tmp/tmppuch482c', '--error-file', '/tmp/tmp_wof7x00']
[2023-06-29 05:44:54,686] {standard_task_runner.py:77} INFO - Job 3: Subtask extract
[2023-06-29 05:44:54,858] {logging_mixin.py:109} INFO - Running <TaskInstance: apartment_transaction.extract manual__2023-06-29T05:44:51.460053+00:00 [running]> on host 3058f45ce915
[2023-06-29 05:44:54,957] {taskinstance.py:1426} INFO - Exporting the following env vars:
AIRFLOW_CTX_DAG_OWNER=***
AIRFLOW_CTX_DAG_ID=apartment_transaction
AIRFLOW_CTX_TASK_ID=extract
AIRFLOW_CTX_EXECUTION_DATE=2023-06-29T05:44:51.460053+00:00
AIRFLOW_CTX_DAG_RUN_ID=manual__2023-06-29T05:44:51.460053+00:00
[2023-06-29 05:44:55,732] {python.py:175} INFO - Done. Returned value was:       fixed acidity  volatile acidity  citric acid  ...  alcohol  quality  winecolor
0               7.0             0.270         0.36  ...      8.8        6      white
1               6.3             0.300         0.34  ...      9.5        6      white
2               8.1             0.280         0.40  ...     10.1        6      white
3               7.2             0.230         0.32  ...      9.9        6      white
4               7.2             0.230         0.32  ...      9.9        6      white
...             ...               ...          ...  ...      ...      ...        ...
6492            6.2             0.600         0.08  ...     10.5        5        red
6493            5.9             0.550         0.10  ...     11.2        6        red
6494            6.3             0.510         0.13  ...     11.0        6        red
6495            5.9             0.645         0.12  ...     10.2        5        red
6496            6.0             0.310         0.47  ...     11.0        6        red

[6497 rows x 13 columns]
[2023-06-29 05:44:55,875] {xcom.py:334} ERROR - Could not serialize the XCom value into JSON. If you are using pickle instead of JSON for XCom, then you need to enable pickle support for XCom in your *** config.
[2023-06-29 05:44:55,876] {taskinstance.py:1700} ERROR - Task failed with exception
Traceback (most recent call last):
  File "/home/airflow/.local/lib/python3.7/site-packages/airflow/models/taskinstance.py", line 1329, in _run_raw_task
    self._execute_task_with_callbacks(context)
  File "/home/airflow/.local/lib/python3.7/site-packages/airflow/models/taskinstance.py", line 1455, in _execute_task_with_callbacks
    result = self._execute_task(context, self.task)
  File "/home/airflow/.local/lib/python3.7/site-packages/airflow/models/taskinstance.py", line 1514, in _execute_task
    self.xcom_push(key=XCOM_RETURN_KEY, value=result)
  File "/home/airflow/.local/lib/python3.7/site-packages/airflow/utils/session.py", line 70, in wrapper
    return func(*args, session=session, **kwargs)
  File "/home/airflow/.local/lib/python3.7/site-packages/airflow/models/taskinstance.py", line 2141, in xcom_push
    session=session,
  File "/home/airflow/.local/lib/python3.7/site-packages/airflow/utils/session.py", line 67, in wrapper
    return func(*args, **kwargs)
  File "/home/airflow/.local/lib/python3.7/site-packages/airflow/models/xcom.py", line 100, in set
    value = XCom.serialize_value(value)
  File "/home/airflow/.local/lib/python3.7/site-packages/airflow/models/xcom.py", line 331, in serialize_value
    return json.dumps(value).encode('UTF-8')
  File "/usr/local/lib/python3.7/json/__init__.py", line 231, in dumps
    return _default_encoder.encode(obj)
  File "/usr/local/lib/python3.7/json/encoder.py", line 199, in encode
    chunks = self.iterencode(o, _one_shot=True)
  File "/usr/local/lib/python3.7/json/encoder.py", line 257, in iterencode
    return _iterencode(o, 0)
  File "/usr/local/lib/python3.7/json/encoder.py", line 179, in default
    raise TypeError(f'Object of type {o.__class__.__name__} '
TypeError: Object of type DataFrame is not JSON serializable
[2023-06-29 05:44:55,926] {taskinstance.py:1277} INFO - Marking task as FAILED. dag_id=apartment_transaction, task_id=extract, execution_date=20230629T054451, start_date=20230629T054454, end_date=20230629T054455
[2023-06-29 05:44:55,978] {standard_task_runner.py:92} ERROR - Failed to execute job 3 for task extract
Traceback (most recent call last):
  File "/home/airflow/.local/lib/python3.7/site-packages/airflow/task/task_runner/standard_task_runner.py", line 85, in _start_by_fork
    args.func(args, dag=self.dag)
  File "/home/airflow/.local/lib/python3.7/site-packages/airflow/cli/cli_parser.py", line 48, in command
    return func(*args, **kwargs)
  File "/home/airflow/.local/lib/python3.7/site-packages/airflow/utils/cli.py", line 92, in wrapper
    return f(*args, **kwargs)
  File "/home/airflow/.local/lib/python3.7/site-packages/airflow/cli/commands/task_command.py", line 298, in task_run
    _run_task_by_selected_method(args, dag, ti)
  File "/home/airflow/.local/lib/python3.7/site-packages/airflow/cli/commands/task_command.py", line 107, in _run_task_by_selected_method
    _run_raw_task(args, ti)
  File "/home/airflow/.local/lib/python3.7/site-packages/airflow/cli/commands/task_command.py", line 184, in _run_raw_task
    error_file=args.error_file,
  File "/home/airflow/.local/lib/python3.7/site-packages/airflow/utils/session.py", line 70, in wrapper
    return func(*args, session=session, **kwargs)
  File "/home/airflow/.local/lib/python3.7/site-packages/airflow/models/taskinstance.py", line 1329, in _run_raw_task
    self._execute_task_with_callbacks(context)
  File "/home/airflow/.local/lib/python3.7/site-packages/airflow/models/taskinstance.py", line 1455, in _execute_task_with_callbacks
    result = self._execute_task(context, self.task)
  File "/home/airflow/.local/lib/python3.7/site-packages/airflow/models/taskinstance.py", line 1514, in _execute_task
    self.xcom_push(key=XCOM_RETURN_KEY, value=result)
  File "/home/airflow/.local/lib/python3.7/site-packages/airflow/utils/session.py", line 70, in wrapper
    return func(*args, session=session, **kwargs)
  File "/home/airflow/.local/lib/python3.7/site-packages/airflow/models/taskinstance.py", line 2141, in xcom_push
    session=session,
  File "/home/airflow/.local/lib/python3.7/site-packages/airflow/utils/session.py", line 67, in wrapper
    return func(*args, **kwargs)
  File "/home/airflow/.local/lib/python3.7/site-packages/airflow/models/xcom.py", line 100, in set
    value = XCom.serialize_value(value)
  File "/home/airflow/.local/lib/python3.7/site-packages/airflow/models/xcom.py", line 331, in serialize_value
    return json.dumps(value).encode('UTF-8')
  File "/usr/local/lib/python3.7/json/__init__.py", line 231, in dumps
    return _default_encoder.encode(obj)
  File "/usr/local/lib/python3.7/json/encoder.py", line 199, in encode
    chunks = self.iterencode(o, _one_shot=True)
  File "/usr/local/lib/python3.7/json/encoder.py", line 257, in iterencode
    return _iterencode(o, 0)
  File "/usr/local/lib/python3.7/json/encoder.py", line 179, in default
    raise TypeError(f'Object of type {o.__class__.__name__} '
TypeError: Object of type DataFrame is not JSON serializable
[2023-06-29 05:44:56,009] {local_task_job.py:154} INFO - Task exited with return code 1
