[2023-06-29 06:41:55,085] {taskinstance.py:1032} INFO - Dependencies all met for <TaskInstance: apartment_transaction_etl_dag.run_etl_task manual__2023-06-29T06:41:52.181647+00:00 [queued]>
[2023-06-29 06:41:55,105] {taskinstance.py:1032} INFO - Dependencies all met for <TaskInstance: apartment_transaction_etl_dag.run_etl_task manual__2023-06-29T06:41:52.181647+00:00 [queued]>
[2023-06-29 06:41:55,105] {taskinstance.py:1238} INFO - 
--------------------------------------------------------------------------------
[2023-06-29 06:41:55,105] {taskinstance.py:1239} INFO - Starting attempt 1 of 1
[2023-06-29 06:41:55,105] {taskinstance.py:1240} INFO - 
--------------------------------------------------------------------------------
[2023-06-29 06:41:55,129] {taskinstance.py:1259} INFO - Executing <Task(PythonOperator): run_etl_task> on 2023-06-29 06:41:52.181647+00:00
[2023-06-29 06:41:55,142] {standard_task_runner.py:52} INFO - Started process 123 to run task
[2023-06-29 06:41:55,157] {standard_task_runner.py:76} INFO - Running: ['***', 'tasks', 'run', 'apartment_transaction_etl_dag', 'run_etl_task', 'manual__2023-06-29T06:41:52.181647+00:00', '--job-id', '5', '--raw', '--subdir', 'DAGS_FOLDER/apartment_transaction_dag.py', '--cfg-path', '/tmp/tmpseg641vn', '--error-file', '/tmp/tmp75jsmv3c']
[2023-06-29 06:41:55,160] {standard_task_runner.py:77} INFO - Job 5: Subtask run_etl_task
[2023-06-29 06:41:55,359] {logging_mixin.py:109} INFO - Running <TaskInstance: apartment_transaction_etl_dag.run_etl_task manual__2023-06-29T06:41:52.181647+00:00 [running]> on host 3058f45ce915
[2023-06-29 06:41:55,569] {taskinstance.py:1426} INFO - Exporting the following env vars:
AIRFLOW_CTX_DAG_OWNER=Airflow
AIRFLOW_CTX_DAG_ID=apartment_transaction_etl_dag
AIRFLOW_CTX_TASK_ID=run_etl_task
AIRFLOW_CTX_EXECUTION_DATE=2023-06-29T06:41:52.181647+00:00
AIRFLOW_CTX_DAG_RUN_ID=manual__2023-06-29T06:41:52.181647+00:00
[2023-06-29 06:41:55,570] {logging_mixin.py:109} INFO - >>> Running 'etl' function. Logged at 2023-06-29 06:41:55.570602+00:00
[2023-06-29 06:41:55,571] {logging_mixin.py:109} INFO - >>> Running 'connect_db' function. Logged at 2023-06-29 06:41:55.570940+00:00
[2023-06-29 06:41:55,571] {logging_mixin.py:109} INFO - Connecting to DB
[2023-06-29 06:41:55,630] {logging_mixin.py:109} INFO - >>> Function: 'connect_db' executed. Logged at 2023-06-29 06:41:55.570940+00:00
[2023-06-29 06:41:55,630] {logging_mixin.py:109} INFO - >>> Running 'extract' function. Logged at 2023-06-29 06:41:55.630307+00:00
[2023-06-29 06:41:55,630] {logging_mixin.py:109} INFO - Reading dataset from https://gist.githubusercontent.com/mmphego/5b6fc4d6dc3c8fba4fce9d994a2fe16b/raw/ab5df0e76812e13df5b31e466a5fb787fac0599a/wine_quality.csv
[2023-06-29 06:41:56,449] {logging_mixin.py:109} INFO - >>> Function: 'extract' executed. Logged at 2023-06-29 06:41:55.630307+00:00
[2023-06-29 06:41:56,449] {logging_mixin.py:109} INFO - >>> Running 'transform' function. Logged at 2023-06-29 06:41:56.449857+00:00
[2023-06-29 06:41:56,450] {logging_mixin.py:109} INFO - Transforming data
[2023-06-29 06:41:56,532] {logging_mixin.py:109} INFO - >>> Function: 'transform' executed. Logged at 2023-06-29 06:41:56.449857+00:00
[2023-06-29 06:41:56,536] {logging_mixin.py:109} INFO - >>> Running 'load_to_db' function. Logged at 2023-06-29 06:41:56.532711+00:00
[2023-06-29 06:41:56,537] {logging_mixin.py:109} INFO - Loading dataframe to DB on table: raw_wine_quality_dataset
[2023-06-29 06:42:00,476] {logging_mixin.py:109} INFO - >>> Function: 'load_to_db' executed. Logged at 2023-06-29 06:41:56.532711+00:00
[2023-06-29 06:42:00,476] {logging_mixin.py:109} INFO - >>> Running 'load_to_db' function. Logged at 2023-06-29 06:42:00.476536+00:00
[2023-06-29 06:42:00,476] {logging_mixin.py:109} INFO - Loading dataframe to DB on table: clean_wine_quality_dataset
[2023-06-29 06:42:03,586] {logging_mixin.py:109} INFO - >>> Function: 'load_to_db' executed. Logged at 2023-06-29 06:42:00.476536+00:00
[2023-06-29 06:42:03,590] {logging_mixin.py:109} INFO - >>> Function: 'etl' executed. Logged at 2023-06-29 06:41:55.570602+00:00
[2023-06-29 06:42:03,591] {python.py:175} INFO - Done. Returned value was: None
[2023-06-29 06:42:03,626] {taskinstance.py:1277} INFO - Marking task as SUCCESS. dag_id=apartment_transaction_etl_dag, task_id=run_etl_task, execution_date=20230629T064152, start_date=20230629T064155, end_date=20230629T064203
[2023-06-29 06:42:03,692] {local_task_job.py:154} INFO - Task exited with return code 0
[2023-06-29 06:42:03,759] {local_task_job.py:264} INFO - 1 downstream tasks scheduled from follow-on schedule check
