[2023-06-29 08:45:25,332] {taskinstance.py:1032} INFO - Dependencies all met for <TaskInstance: apartment_transaction_etl_dag.run_etl_task manual__2023-06-29T08:45:24.001304+00:00 [queued]>
[2023-06-29 08:45:25,342] {taskinstance.py:1032} INFO - Dependencies all met for <TaskInstance: apartment_transaction_etl_dag.run_etl_task manual__2023-06-29T08:45:24.001304+00:00 [queued]>
[2023-06-29 08:45:25,342] {taskinstance.py:1238} INFO - 
--------------------------------------------------------------------------------
[2023-06-29 08:45:25,343] {taskinstance.py:1239} INFO - Starting attempt 1 of 1
[2023-06-29 08:45:25,343] {taskinstance.py:1240} INFO - 
--------------------------------------------------------------------------------
[2023-06-29 08:45:25,358] {taskinstance.py:1259} INFO - Executing <Task(PythonOperator): run_etl_task> on 2023-06-29 08:45:24.001304+00:00
[2023-06-29 08:45:25,365] {standard_task_runner.py:52} INFO - Started process 1000 to run task
[2023-06-29 08:45:25,379] {standard_task_runner.py:76} INFO - Running: ['***', 'tasks', 'run', 'apartment_transaction_etl_dag', 'run_etl_task', 'manual__2023-06-29T08:45:24.001304+00:00', '--job-id', '30', '--raw', '--subdir', 'DAGS_FOLDER/apartment_transaction_dag.py', '--cfg-path', '/tmp/tmp9awlcy34', '--error-file', '/tmp/tmpzpltv71e']
[2023-06-29 08:45:25,380] {standard_task_runner.py:77} INFO - Job 30: Subtask run_etl_task
[2023-06-29 08:45:25,459] {logging_mixin.py:109} INFO - Running <TaskInstance: apartment_transaction_etl_dag.run_etl_task manual__2023-06-29T08:45:24.001304+00:00 [running]> on host d3599d0cd7b8
[2023-06-29 08:45:25,532] {taskinstance.py:1426} INFO - Exporting the following env vars:
AIRFLOW_CTX_DAG_OWNER=***
AIRFLOW_CTX_DAG_ID=apartment_transaction_etl_dag
AIRFLOW_CTX_TASK_ID=run_etl_task
AIRFLOW_CTX_EXECUTION_DATE=2023-06-29T08:45:24.001304+00:00
AIRFLOW_CTX_DAG_RUN_ID=manual__2023-06-29T08:45:24.001304+00:00
[2023-06-29 08:45:25,533] {logging_mixin.py:109} INFO - >>> Running 'etl' function. Logged at 2023-06-29 08:45:25.533274+00:00
[2023-06-29 08:45:25,533] {logging_mixin.py:109} INFO - >>> Running 'connect_db' function. Logged at 2023-06-29 08:45:25.533518+00:00
[2023-06-29 08:45:25,533] {logging_mixin.py:109} INFO - Connecting to DB
[2023-06-29 08:45:25,571] {logging_mixin.py:109} INFO - >>> Function: 'connect_db' executed. Logged at 2023-06-29 08:45:25.533518+00:00
[2023-06-29 08:45:25,571] {logging_mixin.py:109} INFO - >>> Running 'extract' function. Logged at 2023-06-29 08:45:25.571554+00:00
[2023-06-29 08:45:30,124] {logging_mixin.py:109} INFO - >>> Function: 'extract' executed. Logged at 2023-06-29 08:45:25.571554+00:00
[2023-06-29 08:45:30,125] {logging_mixin.py:109} INFO - >>> Running 'load_to_db' function. Logged at 2023-06-29 08:45:30.125740+00:00
[2023-06-29 08:45:30,125] {logging_mixin.py:109} INFO - Loading dataframe to DB on table: apartment_transaction_table
[2023-06-29 08:45:30,222] {logging_mixin.py:109} INFO - >>> Function: 'load_to_db' executed. Logged at 2023-06-29 08:45:30.125740+00:00
[2023-06-29 08:45:30,226] {logging_mixin.py:109} INFO - >>> Function: 'etl' executed. Logged at 2023-06-29 08:45:25.533274+00:00
[2023-06-29 08:45:30,226] {python.py:175} INFO - Done. Returned value was: None
[2023-06-29 08:45:30,247] {taskinstance.py:1277} INFO - Marking task as SUCCESS. dag_id=apartment_transaction_etl_dag, task_id=run_etl_task, execution_date=20230629T084524, start_date=20230629T084525, end_date=20230629T084530
[2023-06-29 08:45:30,319] {local_task_job.py:154} INFO - Task exited with return code 0
[2023-06-29 08:45:30,450] {local_task_job.py:264} INFO - 0 downstream tasks scheduled from follow-on schedule check
